日志记录文件[INFO] [2016-08-01 09:40:54][com.cn.ucoon.util.MenuManager]菜单创建成功！
[INFO] [2016-08-03 23:44:43][org.springframework.beans.factory.xml.XmlBeanDefinitionReader]Loading XML bean definitions from class path resource [spring-mybatis.xml]
[INFO] [2016-08-03 23:44:43][org.springframework.context.support.GenericApplicationContext]Refreshing org.springframework.context.support.GenericApplicationContext@42e9485: startup date [Wed Aug 03 23:44:43 CST 2016]; root of context hierarchy
[INFO] [2016-08-03 23:44:43][org.springframework.beans.factory.config.PropertyPlaceholderConfigurer]Loading properties file from class path resource [db.properties]
[INFO] [2016-08-03 23:44:44][org.springframework.scheduling.concurrent.ThreadPoolTaskScheduler]Initializing ExecutorService  'defaultSockJsTaskScheduler'
[INFO] [2016-08-03 23:44:44][org.springframework.scheduling.concurrent.ThreadPoolTaskScheduler]Shutting down ExecutorService 'defaultSockJsTaskScheduler'
[ERROR] [2016-08-03 23:44:44][org.springframework.test.context.TestContextManager]Caught exception while allowing TestExecutionListener [org.springframework.test.context.support.DependencyInjectionTestExecutionListener@70d58298] to prepare test instance [org.mlk.testmybatis.TestMyBatisAndSpring@51710307]
java.lang.IllegalStateException: Failed to load ApplicationContext
	at org.springframework.test.context.CacheAwareContextLoaderDelegate.loadContext(CacheAwareContextLoaderDelegate.java:99)
	at org.springframework.test.context.DefaultTestContext.getApplicationContext(DefaultTestContext.java:101)
	at org.springframework.test.context.support.DependencyInjectionTestExecutionListener.injectDependencies(DependencyInjectionTestExecutionListener.java:109)
	at org.springframework.test.context.support.DependencyInjectionTestExecutionListener.prepareTestInstance(DependencyInjectionTestExecutionListener.java:75)
	at org.springframework.test.context.TestContextManager.prepareTestInstance(TestContextManager.java:319)
	at org.springframework.test.context.junit4.SpringJUnit4ClassRunner.createTest(SpringJUnit4ClassRunner.java:212)
	at org.springframework.test.context.junit4.SpringJUnit4ClassRunner$1.runReflectiveCall(SpringJUnit4ClassRunner.java:289)
	at org.junit.internal.runners.model.ReflectiveCallable.run(ReflectiveCallable.java:12)
	at org.springframework.test.context.junit4.SpringJUnit4ClassRunner.methodBlock(SpringJUnit4ClassRunner.java:291)
	at org.springframework.test.context.junit4.SpringJUnit4ClassRunner.runChild(SpringJUnit4ClassRunner.java:232)
	at org.springframework.test.context.junit4.SpringJUnit4ClassRunner.runChild(SpringJUnit4ClassRunner.java:89)
	at org.junit.runners.ParentRunner$3.run(ParentRunner.java:238)
	at org.junit.runners.ParentRunner$1.schedule(ParentRunner.java:63)
	at org.junit.runners.ParentRunner.runChildren(ParentRunner.java:236)
	at org.junit.runners.ParentRunner.access$000(ParentRunner.java:53)
	at org.junit.runners.ParentRunner$2.evaluate(ParentRunner.java:229)
	at org.springframework.test.context.junit4.statements.RunBeforeTestClassCallbacks.evaluate(RunBeforeTestClassCallbacks.java:61)
	at org.springframework.test.context.junit4.statements.RunAfterTestClassCallbacks.evaluate(RunAfterTestClassCallbacks.java:71)
	at org.junit.runners.ParentRunner.run(ParentRunner.java:309)
	at org.springframework.test.context.junit4.SpringJUnit4ClassRunner.run(SpringJUnit4ClassRunner.java:175)
	at org.eclipse.jdt.internal.junit4.runner.JUnit4TestReference.run(JUnit4TestReference.java:50)
	at org.eclipse.jdt.internal.junit.runner.TestExecution.run(TestExecution.java:38)
	at org.eclipse.jdt.internal.junit.runner.RemoteTestRunner.runTests(RemoteTestRunner.java:459)
	at org.eclipse.jdt.internal.junit.runner.RemoteTestRunner.runTests(RemoteTestRunner.java:675)
	at org.eclipse.jdt.internal.junit.runner.RemoteTestRunner.run(RemoteTestRunner.java:382)
	at org.eclipse.jdt.internal.junit.runner.RemoteTestRunner.main(RemoteTestRunner.java:192)
Caused by: org.springframework.beans.factory.BeanCreationException: Error creating bean with name 'webSocketHandlerMapping' defined in class path resource [org/springframework/web/socket/config/annotation/DelegatingWebSocketConfiguration.class]: Instantiation of bean failed; nested exception is org.springframework.beans.factory.BeanDefinitionStoreException: Factory method [public org.springframework.web.servlet.HandlerMapping org.springframework.web.socket.config.annotation.WebSocketConfigurationSupport.webSocketHandlerMapping()] threw exception; nested exception is java.lang.IllegalStateException: No suitable default RequestUpgradeStrategy found
	at org.springframework.beans.factory.support.ConstructorResolver.instantiateUsingFactoryMethod(ConstructorResolver.java:597)
	at org.springframework.beans.factory.support.AbstractAutowireCapableBeanFactory.instantiateUsingFactoryMethod(AbstractAutowireCapableBeanFactory.java:1094)
	at org.springframework.beans.factory.support.AbstractAutowireCapableBeanFactory.createBeanInstance(AbstractAutowireCapableBeanFactory.java:989)
	at org.springframework.beans.factory.support.AbstractAutowireCapableBeanFactory.doCreateBean(AbstractAutowireCapableBeanFactory.java:504)
	at org.springframework.beans.factory.support.AbstractAutowireCapableBeanFactory.createBean(AbstractAutowireCapableBeanFactory.java:475)
	at org.springframework.beans.factory.support.AbstractBeanFactory$1.getObject(AbstractBeanFactory.java:304)
	at org.springframework.beans.factory.support.DefaultSingletonBeanRegistry.getSingleton(DefaultSingletonBeanRegistry.java:228)
	at org.springframework.beans.factory.support.AbstractBeanFactory.doGetBean(AbstractBeanFactory.java:300)
	at org.springframework.beans.factory.support.AbstractBeanFactory.getBean(AbstractBeanFactory.java:195)
	at org.springframework.beans.factory.support.DefaultListableBeanFactory.preInstantiateSingletons(DefaultListableBeanFactory.java:703)
	at org.springframework.context.support.AbstractApplicationContext.finishBeanFactoryInitialization(AbstractApplicationContext.java:760)
	at org.springframework.context.support.AbstractApplicationContext.refresh(AbstractApplicationContext.java:482)
	at org.springframework.test.context.support.AbstractGenericContextLoader.loadContext(AbstractGenericContextLoader.java:121)
	at org.springframework.test.context.support.AbstractGenericContextLoader.loadContext(AbstractGenericContextLoader.java:60)
	at org.springframework.test.context.support.AbstractDelegatingSmartContextLoader.delegateLoading(AbstractDelegatingSmartContextLoader.java:100)
	at org.springframework.test.context.support.AbstractDelegatingSmartContextLoader.loadContext(AbstractDelegatingSmartContextLoader.java:250)
	at org.springframework.test.context.CacheAwareContextLoaderDelegate.loadContextInternal(CacheAwareContextLoaderDelegate.java:64)
	at org.springframework.test.context.CacheAwareContextLoaderDelegate.loadContext(CacheAwareContextLoaderDelegate.java:91)
	... 25 more
Caused by: org.springframework.beans.factory.BeanDefinitionStoreException: Factory method [public org.springframework.web.servlet.HandlerMapping org.springframework.web.socket.config.annotation.WebSocketConfigurationSupport.webSocketHandlerMapping()] threw exception; nested exception is java.lang.IllegalStateException: No suitable default RequestUpgradeStrategy found
	at org.springframework.beans.factory.support.SimpleInstantiationStrategy.instantiate(SimpleInstantiationStrategy.java:188)
	at org.springframework.beans.factory.support.ConstructorResolver.instantiateUsingFactoryMethod(ConstructorResolver.java:586)
	... 42 more
Caused by: java.lang.IllegalStateException: No suitable default RequestUpgradeStrategy found
	at org.springframework.web.socket.server.support.DefaultHandshakeHandler.initRequestUpgradeStrategy(DefaultHandshakeHandler.java:107)
	at org.springframework.web.socket.server.support.DefaultHandshakeHandler.<init>(DefaultHandshakeHandler.java:89)
	at org.springframework.web.socket.config.annotation.AbstractWebSocketHandlerRegistration.getOrCreateHandshakeHandler(AbstractWebSocketHandlerRegistration.java:131)
	at org.springframework.web.socket.config.annotation.AbstractWebSocketHandlerRegistration.getMappings(AbstractWebSocketHandlerRegistration.java:119)
	at org.springframework.web.socket.config.annotation.ServletWebSocketHandlerRegistry.getHandlerMapping(ServletWebSocketHandlerRegistry.java:67)
	at org.springframework.web.socket.config.annotation.WebSocketConfigurationSupport.webSocketHandlerMapping(WebSocketConfigurationSupport.java:36)
	at org.springframework.web.socket.config.annotation.DelegatingWebSocketConfiguration$$EnhancerBySpringCGLIB$$e5c1b6e7.CGLIB$webSocketHandlerMapping$2(<generated>)
	at org.springframework.web.socket.config.annotation.DelegatingWebSocketConfiguration$$EnhancerBySpringCGLIB$$e5c1b6e7$$FastClassBySpringCGLIB$$844d8ebf.invoke(<generated>)
	at org.springframework.cglib.proxy.MethodProxy.invokeSuper(MethodProxy.java:228)
	at org.springframework.context.annotation.ConfigurationClassEnhancer$BeanMethodInterceptor.intercept(ConfigurationClassEnhancer.java:312)
	at org.springframework.web.socket.config.annotation.DelegatingWebSocketConfiguration$$EnhancerBySpringCGLIB$$e5c1b6e7.webSocketHandlerMapping(<generated>)
	at sun.reflect.NativeMethodAccessorImpl.invoke0(Native Method)
	at sun.reflect.NativeMethodAccessorImpl.invoke(NativeMethodAccessorImpl.java:57)
	at sun.reflect.DelegatingMethodAccessorImpl.invoke(DelegatingMethodAccessorImpl.java:43)
	at java.lang.reflect.Method.invoke(Method.java:606)
	at org.springframework.beans.factory.support.SimpleInstantiationStrategy.instantiate(SimpleInstantiationStrategy.java:166)
	... 43 more
[INFO] [2016-08-03 23:45:00][org.springframework.beans.factory.xml.XmlBeanDefinitionReader]Loading XML bean definitions from class path resource [spring-mybatis.xml]
[INFO] [2016-08-03 23:45:00][org.springframework.context.support.GenericApplicationContext]Refreshing org.springframework.context.support.GenericApplicationContext@63e02678: startup date [Wed Aug 03 23:45:00 CST 2016]; root of context hierarchy
[INFO] [2016-08-03 23:45:00][org.springframework.beans.factory.config.PropertyPlaceholderConfigurer]Loading properties file from class path resource [db.properties]
[INFO] [2016-08-03 23:45:01][org.springframework.scheduling.concurrent.ThreadPoolTaskScheduler]Initializing ExecutorService  'defaultSockJsTaskScheduler'
[INFO] [2016-08-03 23:45:01][org.springframework.scheduling.concurrent.ThreadPoolTaskScheduler]Shutting down ExecutorService 'defaultSockJsTaskScheduler'
[ERROR] [2016-08-03 23:45:01][org.springframework.test.context.TestContextManager]Caught exception while allowing TestExecutionListener [org.springframework.test.context.support.DependencyInjectionTestExecutionListener@70d58298] to prepare test instance [org.mlk.testmybatis.TestMyBatisAndSpring@51710307]
java.lang.IllegalStateException: Failed to load ApplicationContext
	at org.springframework.test.context.CacheAwareContextLoaderDelegate.loadContext(CacheAwareContextLoaderDelegate.java:99)
	at org.springframework.test.context.DefaultTestContext.getApplicationContext(DefaultTestContext.java:101)
	at org.springframework.test.context.support.DependencyInjectionTestExecutionListener.injectDependencies(DependencyInjectionTestExecutionListener.java:109)
	at org.springframework.test.context.support.DependencyInjectionTestExecutionListener.prepareTestInstance(DependencyInjectionTestExecutionListener.java:75)
	at org.springframework.test.context.TestContextManager.prepareTestInstance(TestContextManager.java:319)
	at org.springframework.test.context.junit4.SpringJUnit4ClassRunner.createTest(SpringJUnit4ClassRunner.java:212)
	at org.springframework.test.context.junit4.SpringJUnit4ClassRunner$1.runReflectiveCall(SpringJUnit4ClassRunner.java:289)
	at org.junit.internal.runners.model.ReflectiveCallable.run(ReflectiveCallable.java:12)
	at org.springframework.test.context.junit4.SpringJUnit4ClassRunner.methodBlock(SpringJUnit4ClassRunner.java:291)
	at org.springframework.test.context.junit4.SpringJUnit4ClassRunner.runChild(SpringJUnit4ClassRunner.java:232)
	at org.springframework.test.context.junit4.SpringJUnit4ClassRunner.runChild(SpringJUnit4ClassRunner.java:89)
	at org.junit.runners.ParentRunner$3.run(ParentRunner.java:238)
	at org.junit.runners.ParentRunner$1.schedule(ParentRunner.java:63)
	at org.junit.runners.ParentRunner.runChildren(ParentRunner.java:236)
	at org.junit.runners.ParentRunner.access$000(ParentRunner.java:53)
	at org.junit.runners.ParentRunner$2.evaluate(ParentRunner.java:229)
	at org.springframework.test.context.junit4.statements.RunBeforeTestClassCallbacks.evaluate(RunBeforeTestClassCallbacks.java:61)
	at org.springframework.test.context.junit4.statements.RunAfterTestClassCallbacks.evaluate(RunAfterTestClassCallbacks.java:71)
	at org.junit.runners.ParentRunner.run(ParentRunner.java:309)
	at org.springframework.test.context.junit4.SpringJUnit4ClassRunner.run(SpringJUnit4ClassRunner.java:175)
	at org.eclipse.jdt.internal.junit4.runner.JUnit4TestReference.run(JUnit4TestReference.java:50)
	at org.eclipse.jdt.internal.junit.runner.TestExecution.run(TestExecution.java:38)
	at org.eclipse.jdt.internal.junit.runner.RemoteTestRunner.runTests(RemoteTestRunner.java:459)
	at org.eclipse.jdt.internal.junit.runner.RemoteTestRunner.runTests(RemoteTestRunner.java:675)
	at org.eclipse.jdt.internal.junit.runner.RemoteTestRunner.run(RemoteTestRunner.java:382)
	at org.eclipse.jdt.internal.junit.runner.RemoteTestRunner.main(RemoteTestRunner.java:192)
Caused by: org.springframework.beans.factory.BeanCreationException: Error creating bean with name 'webSocketHandlerMapping' defined in class path resource [org/springframework/web/socket/config/annotation/DelegatingWebSocketConfiguration.class]: Instantiation of bean failed; nested exception is org.springframework.beans.factory.BeanDefinitionStoreException: Factory method [public org.springframework.web.servlet.HandlerMapping org.springframework.web.socket.config.annotation.WebSocketConfigurationSupport.webSocketHandlerMapping()] threw exception; nested exception is java.lang.IllegalStateException: No suitable default RequestUpgradeStrategy found
	at org.springframework.beans.factory.support.ConstructorResolver.instantiateUsingFactoryMethod(ConstructorResolver.java:597)
	at org.springframework.beans.factory.support.AbstractAutowireCapableBeanFactory.instantiateUsingFactoryMethod(AbstractAutowireCapableBeanFactory.java:1094)
	at org.springframework.beans.factory.support.AbstractAutowireCapableBeanFactory.createBeanInstance(AbstractAutowireCapableBeanFactory.java:989)
	at org.springframework.beans.factory.support.AbstractAutowireCapableBeanFactory.doCreateBean(AbstractAutowireCapableBeanFactory.java:504)
	at org.springframework.beans.factory.support.AbstractAutowireCapableBeanFactory.createBean(AbstractAutowireCapableBeanFactory.java:475)
	at org.springframework.beans.factory.support.AbstractBeanFactory$1.getObject(AbstractBeanFactory.java:304)
	at org.springframework.beans.factory.support.DefaultSingletonBeanRegistry.getSingleton(DefaultSingletonBeanRegistry.java:228)
	at org.springframework.beans.factory.support.AbstractBeanFactory.doGetBean(AbstractBeanFactory.java:300)
	at org.springframework.beans.factory.support.AbstractBeanFactory.getBean(AbstractBeanFactory.java:195)
	at org.springframework.beans.factory.support.DefaultListableBeanFactory.preInstantiateSingletons(DefaultListableBeanFactory.java:703)
	at org.springframework.context.support.AbstractApplicationContext.finishBeanFactoryInitialization(AbstractApplicationContext.java:760)
	at org.springframework.context.support.AbstractApplicationContext.refresh(AbstractApplicationContext.java:482)
	at org.springframework.test.context.support.AbstractGenericContextLoader.loadContext(AbstractGenericContextLoader.java:121)
	at org.springframework.test.context.support.AbstractGenericContextLoader.loadContext(AbstractGenericContextLoader.java:60)
	at org.springframework.test.context.support.AbstractDelegatingSmartContextLoader.delegateLoading(AbstractDelegatingSmartContextLoader.java:100)
	at org.springframework.test.context.support.AbstractDelegatingSmartContextLoader.loadContext(AbstractDelegatingSmartContextLoader.java:250)
	at org.springframework.test.context.CacheAwareContextLoaderDelegate.loadContextInternal(CacheAwareContextLoaderDelegate.java:64)
	at org.springframework.test.context.CacheAwareContextLoaderDelegate.loadContext(CacheAwareContextLoaderDelegate.java:91)
	... 25 more
Caused by: org.springframework.beans.factory.BeanDefinitionStoreException: Factory method [public org.springframework.web.servlet.HandlerMapping org.springframework.web.socket.config.annotation.WebSocketConfigurationSupport.webSocketHandlerMapping()] threw exception; nested exception is java.lang.IllegalStateException: No suitable default RequestUpgradeStrategy found
	at org.springframework.beans.factory.support.SimpleInstantiationStrategy.instantiate(SimpleInstantiationStrategy.java:188)
	at org.springframework.beans.factory.support.ConstructorResolver.instantiateUsingFactoryMethod(ConstructorResolver.java:586)
	... 42 more
Caused by: java.lang.IllegalStateException: No suitable default RequestUpgradeStrategy found
	at org.springframework.web.socket.server.support.DefaultHandshakeHandler.initRequestUpgradeStrategy(DefaultHandshakeHandler.java:107)
	at org.springframework.web.socket.server.support.DefaultHandshakeHandler.<init>(DefaultHandshakeHandler.java:89)
	at org.springframework.web.socket.config.annotation.AbstractWebSocketHandlerRegistration.getOrCreateHandshakeHandler(AbstractWebSocketHandlerRegistration.java:131)
	at org.springframework.web.socket.config.annotation.AbstractWebSocketHandlerRegistration.getMappings(AbstractWebSocketHandlerRegistration.java:119)
	at org.springframework.web.socket.config.annotation.ServletWebSocketHandlerRegistry.getHandlerMapping(ServletWebSocketHandlerRegistry.java:67)
	at org.springframework.web.socket.config.annotation.WebSocketConfigurationSupport.webSocketHandlerMapping(WebSocketConfigurationSupport.java:36)
	at org.springframework.web.socket.config.annotation.DelegatingWebSocketConfiguration$$EnhancerBySpringCGLIB$$e5c1b6e7.CGLIB$webSocketHandlerMapping$2(<generated>)
	at org.springframework.web.socket.config.annotation.DelegatingWebSocketConfiguration$$EnhancerBySpringCGLIB$$e5c1b6e7$$FastClassBySpringCGLIB$$844d8ebf.invoke(<generated>)
	at org.springframework.cglib.proxy.MethodProxy.invokeSuper(MethodProxy.java:228)
	at org.springframework.context.annotation.ConfigurationClassEnhancer$BeanMethodInterceptor.intercept(ConfigurationClassEnhancer.java:312)
	at org.springframework.web.socket.config.annotation.DelegatingWebSocketConfiguration$$EnhancerBySpringCGLIB$$e5c1b6e7.webSocketHandlerMapping(<generated>)
	at sun.reflect.NativeMethodAccessorImpl.invoke0(Native Method)
	at sun.reflect.NativeMethodAccessorImpl.invoke(NativeMethodAccessorImpl.java:57)
	at sun.reflect.DelegatingMethodAccessorImpl.invoke(DelegatingMethodAccessorImpl.java:43)
	at java.lang.reflect.Method.invoke(Method.java:606)
	at org.springframework.beans.factory.support.SimpleInstantiationStrategy.instantiate(SimpleInstantiationStrategy.java:166)
	... 43 more
[INFO] [2016-08-03 23:45:38][org.springframework.beans.factory.xml.XmlBeanDefinitionReader]Loading XML bean definitions from class path resource [spring-mybatis.xml]
[INFO] [2016-08-03 23:45:39][org.springframework.context.support.GenericApplicationContext]Refreshing org.springframework.context.support.GenericApplicationContext@7fdd37fe: startup date [Wed Aug 03 23:45:39 CST 2016]; root of context hierarchy
[INFO] [2016-08-03 23:45:39][org.springframework.beans.factory.config.PropertyPlaceholderConfigurer]Loading properties file from class path resource [db.properties]
[INFO] [2016-08-03 23:45:40][org.springframework.scheduling.concurrent.ThreadPoolTaskScheduler]Initializing ExecutorService  'defaultSockJsTaskScheduler'
[INFO] [2016-08-03 23:45:40][org.springframework.scheduling.concurrent.ThreadPoolTaskScheduler]Shutting down ExecutorService 'defaultSockJsTaskScheduler'
[ERROR] [2016-08-03 23:45:40][org.springframework.test.context.TestContextManager]Caught exception while allowing TestExecutionListener [org.springframework.test.context.support.DependencyInjectionTestExecutionListener@45f74db7] to prepare test instance [org.mlk.testmybatis.TestMyBatisAndSpring@6f0f4d43]
java.lang.IllegalStateException: Failed to load ApplicationContext
	at org.springframework.test.context.CacheAwareContextLoaderDelegate.loadContext(CacheAwareContextLoaderDelegate.java:99)
	at org.springframework.test.context.DefaultTestContext.getApplicationContext(DefaultTestContext.java:101)
	at org.springframework.test.context.support.DependencyInjectionTestExecutionListener.injectDependencies(DependencyInjectionTestExecutionListener.java:109)
	at org.springframework.test.context.support.DependencyInjectionTestExecutionListener.prepareTestInstance(DependencyInjectionTestExecutionListener.java:75)
	at org.springframework.test.context.TestContextManager.prepareTestInstance(TestContextManager.java:319)
	at org.springframework.test.context.junit4.SpringJUnit4ClassRunner.createTest(SpringJUnit4ClassRunner.java:212)
	at org.springframework.test.context.junit4.SpringJUnit4ClassRunner$1.runReflectiveCall(SpringJUnit4ClassRunner.java:289)
	at org.junit.internal.runners.model.ReflectiveCallable.run(ReflectiveCallable.java:12)
	at org.springframework.test.context.junit4.SpringJUnit4ClassRunner.methodBlock(SpringJUnit4ClassRunner.java:291)
	at org.springframework.test.context.junit4.SpringJUnit4ClassRunner.runChild(SpringJUnit4ClassRunner.java:232)
	at org.springframework.test.context.junit4.SpringJUnit4ClassRunner.runChild(SpringJUnit4ClassRunner.java:89)
	at org.junit.runners.ParentRunner$3.run(ParentRunner.java:238)
	at org.junit.runners.ParentRunner$1.schedule(ParentRunner.java:63)
	at org.junit.runners.ParentRunner.runChildren(ParentRunner.java:236)
	at org.junit.runners.ParentRunner.access$000(ParentRunner.java:53)
	at org.junit.runners.ParentRunner$2.evaluate(ParentRunner.java:229)
	at org.springframework.test.context.junit4.statements.RunBeforeTestClassCallbacks.evaluate(RunBeforeTestClassCallbacks.java:61)
	at org.springframework.test.context.junit4.statements.RunAfterTestClassCallbacks.evaluate(RunAfterTestClassCallbacks.java:71)
	at org.junit.runners.ParentRunner.run(ParentRunner.java:309)
	at org.springframework.test.context.junit4.SpringJUnit4ClassRunner.run(SpringJUnit4ClassRunner.java:175)
	at org.eclipse.jdt.internal.junit4.runner.JUnit4TestReference.run(JUnit4TestReference.java:50)
	at org.eclipse.jdt.internal.junit.runner.TestExecution.run(TestExecution.java:38)
	at org.eclipse.jdt.internal.junit.runner.RemoteTestRunner.runTests(RemoteTestRunner.java:459)
	at org.eclipse.jdt.internal.junit.runner.RemoteTestRunner.runTests(RemoteTestRunner.java:675)
	at org.eclipse.jdt.internal.junit.runner.RemoteTestRunner.run(RemoteTestRunner.java:382)
	at org.eclipse.jdt.internal.junit.runner.RemoteTestRunner.main(RemoteTestRunner.java:192)
Caused by: org.springframework.beans.factory.BeanCreationException: Error creating bean with name 'webSocketHandlerMapping' defined in class path resource [org/springframework/web/socket/config/annotation/DelegatingWebSocketConfiguration.class]: Instantiation of bean failed; nested exception is org.springframework.beans.factory.BeanDefinitionStoreException: Factory method [public org.springframework.web.servlet.HandlerMapping org.springframework.web.socket.config.annotation.WebSocketConfigurationSupport.webSocketHandlerMapping()] threw exception; nested exception is java.lang.IllegalStateException: No suitable default RequestUpgradeStrategy found
	at org.springframework.beans.factory.support.ConstructorResolver.instantiateUsingFactoryMethod(ConstructorResolver.java:597)
	at org.springframework.beans.factory.support.AbstractAutowireCapableBeanFactory.instantiateUsingFactoryMethod(AbstractAutowireCapableBeanFactory.java:1094)
	at org.springframework.beans.factory.support.AbstractAutowireCapableBeanFactory.createBeanInstance(AbstractAutowireCapableBeanFactory.java:989)
	at org.springframework.beans.factory.support.AbstractAutowireCapableBeanFactory.doCreateBean(AbstractAutowireCapableBeanFactory.java:504)
	at org.springframework.beans.factory.support.AbstractAutowireCapableBeanFactory.createBean(AbstractAutowireCapableBeanFactory.java:475)
	at org.springframework.beans.factory.support.AbstractBeanFactory$1.getObject(AbstractBeanFactory.java:304)
	at org.springframework.beans.factory.support.DefaultSingletonBeanRegistry.getSingleton(DefaultSingletonBeanRegistry.java:228)
	at org.springframework.beans.factory.support.AbstractBeanFactory.doGetBean(AbstractBeanFactory.java:300)
	at org.springframework.beans.factory.support.AbstractBeanFactory.getBean(AbstractBeanFactory.java:195)
	at org.springframework.beans.factory.support.DefaultListableBeanFactory.preInstantiateSingletons(DefaultListableBeanFactory.java:703)
	at org.springframework.context.support.AbstractApplicationContext.finishBeanFactoryInitialization(AbstractApplicationContext.java:760)
	at org.springframework.context.support.AbstractApplicationContext.refresh(AbstractApplicationContext.java:482)
	at org.springframework.test.context.support.AbstractGenericContextLoader.loadContext(AbstractGenericContextLoader.java:121)
	at org.springframework.test.context.support.AbstractGenericContextLoader.loadContext(AbstractGenericContextLoader.java:60)
	at org.springframework.test.context.support.AbstractDelegatingSmartContextLoader.delegateLoading(AbstractDelegatingSmartContextLoader.java:100)
	at org.springframework.test.context.support.AbstractDelegatingSmartContextLoader.loadContext(AbstractDelegatingSmartContextLoader.java:250)
	at org.springframework.test.context.CacheAwareContextLoaderDelegate.loadContextInternal(CacheAwareContextLoaderDelegate.java:64)
	at org.springframework.test.context.CacheAwareContextLoaderDelegate.loadContext(CacheAwareContextLoaderDelegate.java:91)
	... 25 more
Caused by: org.springframework.beans.factory.BeanDefinitionStoreException: Factory method [public org.springframework.web.servlet.HandlerMapping org.springframework.web.socket.config.annotation.WebSocketConfigurationSupport.webSocketHandlerMapping()] threw exception; nested exception is java.lang.IllegalStateException: No suitable default RequestUpgradeStrategy found
	at org.springframework.beans.factory.support.SimpleInstantiationStrategy.instantiate(SimpleInstantiationStrategy.java:188)
	at org.springframework.beans.factory.support.ConstructorResolver.instantiateUsingFactoryMethod(ConstructorResolver.java:586)
	... 42 more
Caused by: java.lang.IllegalStateException: No suitable default RequestUpgradeStrategy found
	at org.springframework.web.socket.server.support.DefaultHandshakeHandler.initRequestUpgradeStrategy(DefaultHandshakeHandler.java:107)
	at org.springframework.web.socket.server.support.DefaultHandshakeHandler.<init>(DefaultHandshakeHandler.java:89)
	at org.springframework.web.socket.config.annotation.AbstractWebSocketHandlerRegistration.getOrCreateHandshakeHandler(AbstractWebSocketHandlerRegistration.java:131)
	at org.springframework.web.socket.config.annotation.AbstractWebSocketHandlerRegistration.getMappings(AbstractWebSocketHandlerRegistration.java:119)
	at org.springframework.web.socket.config.annotation.ServletWebSocketHandlerRegistry.getHandlerMapping(ServletWebSocketHandlerRegistry.java:67)
	at org.springframework.web.socket.config.annotation.WebSocketConfigurationSupport.webSocketHandlerMapping(WebSocketConfigurationSupport.java:36)
	at org.springframework.web.socket.config.annotation.DelegatingWebSocketConfiguration$$EnhancerBySpringCGLIB$$b53b26ad.CGLIB$webSocketHandlerMapping$2(<generated>)
	at org.springframework.web.socket.config.annotation.DelegatingWebSocketConfiguration$$EnhancerBySpringCGLIB$$b53b26ad$$FastClassBySpringCGLIB$$fd5e17e4.invoke(<generated>)
	at org.springframework.cglib.proxy.MethodProxy.invokeSuper(MethodProxy.java:228)
	at org.springframework.context.annotation.ConfigurationClassEnhancer$BeanMethodInterceptor.intercept(ConfigurationClassEnhancer.java:312)
	at org.springframework.web.socket.config.annotation.DelegatingWebSocketConfiguration$$EnhancerBySpringCGLIB$$b53b26ad.webSocketHandlerMapping(<generated>)
	at sun.reflect.NativeMethodAccessorImpl.invoke0(Native Method)
	at sun.reflect.NativeMethodAccessorImpl.invoke(NativeMethodAccessorImpl.java:57)
	at sun.reflect.DelegatingMethodAccessorImpl.invoke(DelegatingMethodAccessorImpl.java:43)
	at java.lang.reflect.Method.invoke(Method.java:606)
	at org.springframework.beans.factory.support.SimpleInstantiationStrategy.instantiate(SimpleInstantiationStrategy.java:166)
	... 43 more
[INFO] [2016-08-04 16:30:19][com.cn.ucoon.util.MenuManager]菜单创建成功！
[INFO] [2016-08-04 16:33:49][com.cn.ucoon.util.MenuManager]菜单创建成功！
[INFO] [2016-08-04 16:34:08][com.cn.ucoon.util.MenuManager]菜单创建成功！
[INFO] [2016-09-06 10:07:59][com.cn.ucoon.util.MenuManager]菜单创建成功！
[INFO] [2016-09-06 10:09:26][com.cn.ucoon.util.MenuManager]菜单创建成功！
[INFO] [2016-09-06 10:10:58][com.cn.ucoon.util.MenuManager]菜单创建成功！
[INFO] [2016-09-06 10:12:52][com.cn.ucoon.util.MenuManager]菜单创建成功！
[INFO] [2016-09-06 10:14:03][com.cn.ucoon.util.MenuManager]菜单创建成功！
[ERROR] [2016-09-12 15:00:00][com.cn.ucoon.util.WeixinUtil]https request error:{}
java.lang.ClassCastException: sun.net.www.protocol.http.HttpURLConnection cannot be cast to javax.net.ssl.HttpsURLConnection
	at com.cn.ucoon.util.WeixinUtil.httpRequest(WeixinUtil.java:171)
	at com.cn.ucoon.util.MapDistanceUtil.getLatAndLngbyPlaceName(MapDistanceUtil.java:62)
	at com.cn.ucoon.util.MapDistanceUtil.main(MapDistanceUtil.java:166)
[INFO] [2016-09-24 15:06:44][com.cn.ucoon.util.MenuManager]菜单创建成功！
[INFO] [2016-09-24 15:07:51][com.cn.ucoon.util.MenuManager]菜单创建成功！
